<?xml version="1.0" encoding="UTF-8"?>
<testsuite xmlns:xsi="http://www.w3.org/2001/XMLSchema-instance" xsi:noNamespaceSchemaLocation="https://maven.apache.org/surefire/maven-surefire-plugin/xsd/surefire-test-report-3.0.xsd" version="3.0" name="testrunner.Testrun" time="44.325" tests="1" errors="0" skipped="0" failures="0">
  <properties>
[...]
</properties>
  <testcase name="Verify User is able to Register" classname="SIGNUP" time="43.746">
    <system-out><![CDATA[[DEBUG] Using WebDriverManager 5.7.0
[DEBUG] Resolution chrome=125 in cache (valid until 19:08:29 16/06/2024 IST)
[DEBUG] Resolution chrome125=125.0.6422.141 in cache (valid until 17:02:58 17/06/2024 IST)
[INFO] Using chromedriver 125.0.6422.141 (resolved driver for Chrome 125)
[DEBUG] Driver chromedriver 125.0.6422.141 found in cache
[INFO] Exporting webdriver.chrome.driver as C:\Users\tusha\.cache\selenium\chromedriver\win64\125.0.6422.141\chromedriver.exe
[DEBUG] Using SLF4J as the default logging framework
[DEBUG] -Dio.netty.leakDetection.level: simple
[DEBUG] -Dio.netty.leakDetection.targetRecords: 4
[DEBUG] Loaded default ResourceLeakDetector: io.netty.util.ResourceLeakDetector@3d43fe
[DEBUG] -Dio.netty.noUnsafe: false
[DEBUG] Java version: 17
[DEBUG] sun.misc.Unsafe.theUnsafe: available
[DEBUG] sun.misc.Unsafe.copyMemory: available
[DEBUG] sun.misc.Unsafe.storeFence: available
[DEBUG] java.nio.Buffer.address: available
[DEBUG] direct buffer constructor: unavailable: Reflective setAccessible(true) disabled
[DEBUG] java.nio.Bits.unaligned: available, true
[DEBUG] jdk.internal.misc.Unsafe.allocateUninitializedArray(int): unavailable: class io.netty.util.internal.PlatformDependent0$7 cannot access class jdk.internal.misc.Unsafe (in module java.base) because module java.base does not export jdk.internal.misc to unnamed module @3fee9989
[DEBUG] java.nio.DirectByteBuffer.<init>(long, int): unavailable
[DEBUG] sun.misc.Unsafe: available
[DEBUG] maxDirectMemory: 2090860544 bytes (maybe)
[DEBUG] -Dio.netty.tmpdir: C:\Users\tusha\AppData\Local\Temp (java.io.tmpdir)
[DEBUG] -Dio.netty.bitMode: 64 (sun.arch.data.model)
[DEBUG] Platform: Windows
[DEBUG] -Dio.netty.maxDirectMemory: -1 bytes
[DEBUG] -Dio.netty.uninitializedArrayAllocationThreshold: -1
[DEBUG] java.nio.ByteBuffer.cleaner(): available
[DEBUG] -Dio.netty.noPreferDirect: false
[DEBUG] org.jctools-core.MpscChunkedArrayQueue: available
[DEBUG] -Dio.netty.threadLocalMap.stringBuilder.initialSize: 1024
[DEBUG] -Dio.netty.threadLocalMap.stringBuilder.maxSize: 4096
[DEBUG] Default protocols (JDK): [TLSv1.3, TLSv1.2] 
[DEBUG] Default cipher suites (JDK): [TLS_ECDHE_ECDSA_WITH_AES_256_GCM_SHA384, TLS_ECDHE_ECDSA_WITH_AES_128_GCM_SHA256, TLS_ECDHE_RSA_WITH_AES_128_GCM_SHA256, TLS_ECDHE_RSA_WITH_AES_256_GCM_SHA384, TLS_ECDHE_RSA_WITH_AES_128_CBC_SHA, TLS_ECDHE_RSA_WITH_AES_256_CBC_SHA, TLS_RSA_WITH_AES_128_GCM_SHA256, TLS_RSA_WITH_AES_128_CBC_SHA, TLS_RSA_WITH_AES_256_CBC_SHA, TLS_AES_128_GCM_SHA256, TLS_AES_256_GCM_SHA384]
[DEBUG] -Dio.netty.globalEventExecutor.quietPeriodSeconds: 1
[DEBUG] -Dio.netty.eventLoopThreads: 16
[DEBUG] -Dio.netty.noKeySetOptimization: false
[DEBUG] -Dio.netty.selectorAutoRebuildThreshold: 512
[DEBUG] -Dio.netty.allocator.numHeapArenas: 16
[DEBUG] -Dio.netty.allocator.numDirectArenas: 16
[DEBUG] -Dio.netty.allocator.pageSize: 8192
[DEBUG] -Dio.netty.allocator.maxOrder: 9
[DEBUG] -Dio.netty.allocator.chunkSize: 4194304
[DEBUG] -Dio.netty.allocator.smallCacheSize: 256
[DEBUG] -Dio.netty.allocator.normalCacheSize: 64
[DEBUG] -Dio.netty.allocator.maxCachedBufferCapacity: 32768
[DEBUG] -Dio.netty.allocator.cacheTrimInterval: 8192
[DEBUG] -Dio.netty.allocator.cacheTrimIntervalMillis: 0
[DEBUG] -Dio.netty.allocator.useCacheForAllThreads: false
[DEBUG] -Dio.netty.allocator.maxCachedByteBuffersPerChunk: 1023
[DEBUG] -Dio.netty.allocator.type: pooled
[DEBUG] -Dio.netty.threadLocalDirectBufferSize: 0
[DEBUG] -Dio.netty.maxThreadLocalCharBufferSize: 16384
[DEBUG] -Dio.netty.processId: 20032 (auto-detected)
[DEBUG] -Djava.net.preferIPv4Stack: false
[DEBUG] -Djava.net.preferIPv6Addresses: false
[DEBUG] Loopback interface: lo (Software Loopback Interface 1, 127.0.0.1)
[DEBUG] Failed to get SOMAXCONN from sysctl and file \proc\sys\net\core\somaxconn. Default: 200
[DEBUG] -Dio.netty.machineId: 58:1c:f8:ff:fe:38:21:6a (auto-detected)
[DEBUG] -Dio.netty.buffer.checkAccessible: true
[DEBUG] -Dio.netty.buffer.checkBounds: true
[DEBUG] Loaded default ResourceLeakDetector: io.netty.util.ResourceLeakDetector@b0ef73a
[DEBUG] Using new Channel '[id: 0xb52c8b36, L:/127.0.0.1:50175 - R:localhost/127.0.0.1:11277]' for 'POST' to '/session'
[DEBUG] -Dio.netty.recycler.maxCapacityPerThread: 4096
[DEBUG] -Dio.netty.recycler.ratio: 8
[DEBUG] -Dio.netty.recycler.chunkSize: 32
[DEBUG] -Dio.netty.recycler.blocking: false
[DEBUG] -Dio.netty.recycler.batchFastThreadLocalOnly: true
[DEBUG] brotli4j not in the classpath; Brotli support will be unavailable.
[DEBUG] 

Request DefaultHttpRequest(decodeResult: success, version: HTTP/1.1)
POST /session HTTP/1.1
User-Agent: selenium/4.11.0 (java windows)
Content-Length: 254
Content-Type: application/json; charset=utf-8
host: localhost:11277
accept: */*

Response DefaultHttpResponse(decodeResult: success, version: HTTP/1.1)
HTTP/1.1 200 OK
Content-Length: 883
Content-Type: application/json; charset=utf-8
cache-control: no-cache

[DEBUG] Adding key: http://localhost:11277 for channel [id: 0xb52c8b36, L:/127.0.0.1:50175 - R:localhost/127.0.0.1:11277]
[DEBUG] Using new Channel '[id: 0x3ffb5bcd, L:/127.0.0.1:50182 - R:localhost/127.0.0.1:50176]' for 'GET' to '/json/version'
[DEBUG] 

Request DefaultFullHttpRequest(decodeResult: success, version: HTTP/1.1, content: EmptyByteBufBE)
GET /json/version HTTP/1.1
User-Agent: selenium/4.11.0 (java windows)
host: localhost:50176
accept: */*

Response DefaultHttpResponse(decodeResult: success, version: HTTP/1.1)
HTTP/1.1 200 OK
Content-Security-Policy: frame-ancestors 'none'
Content-Length: 424
Content-Type: application/json; charset=UTF-8

[DEBUG] Adding key: http://localhost:50176 for channel [id: 0x3ffb5bcd, L:/127.0.0.1:50182 - R:localhost/127.0.0.1:50176]
[DEBUG] -Dio.netty.initialSeedUniquifier: 0x6a71905dae856ad1
[DEBUG] Using new Channel '[id: 0x8cd3eb82, L:/127.0.0.1:50184 - R:localhost/127.0.0.1:50176]' for 'GET' to '/devtools/browser/af23976a-d99a-4021-9249-4ae26e1b9529'
[DEBUG] 

Request DefaultFullHttpRequest(decodeResult: success, version: HTTP/1.1, content: EmptyByteBufBE)
GET /devtools/browser/af23976a-d99a-4021-9249-4ae26e1b9529 HTTP/1.1
upgrade: websocket
connection: upgrade
sec-websocket-key: BUehovKPjBwjJR/0fZDvmA==
sec-websocket-version: 13
origin: http://localhost:50176
host: localhost:50176
accept: */*
user-agent: AHC/2.1

Response DefaultHttpResponse(decodeResult: success, version: HTTP/1.1)
HTTP/1.1 101 WebSocket Protocol Handshake
Upgrade: WebSocket
Connection: Upgrade
Sec-WebSocket-Accept: ngIgK4DMp9v+QWDeDM7XsDOyYXU=

[DEBUG] Using pooled Channel '[id: 0xb52c8b36, L:/127.0.0.1:50175 - R:localhost/127.0.0.1:11277]' for 'POST' to 'http://localhost:11277/session/cf8ada063fd4e9e5008568aeacdd0e75/url'
[DEBUG] Using open Channel [id: 0xb52c8b36, L:/127.0.0.1:50175 - R:localhost/127.0.0.1:11277] for POST '/session/cf8ada063fd4e9e5008568aeacdd0e75/url'
[DEBUG] Entry count for : http://localhost:50176 : 1
[DEBUG] 

Request DefaultHttpRequest(decodeResult: success, version: HTTP/1.1)
POST /session/cf8ada063fd4e9e5008568aeacdd0e75/url HTTP/1.1
User-Agent: selenium/4.11.0 (java windows)
Content-Length: 59
Content-Type: application/json; charset=utf-8
host: localhost:11277
accept: */*

Response DefaultHttpResponse(decodeResult: success, version: HTTP/1.1)
HTTP/1.1 200 OK
Content-Length: 14
Content-Type: application/json; charset=utf-8
cache-control: no-cache

[DEBUG] Adding key: http://localhost:11277 for channel [id: 0xb52c8b36, L:/127.0.0.1:50175 - R:localhost/127.0.0.1:11277]
[DEBUG] Using pooled Channel '[id: 0xb52c8b36, L:/127.0.0.1:50175 - R:localhost/127.0.0.1:11277]' for 'POST' to 'http://localhost:11277/session/cf8ada063fd4e9e5008568aeacdd0e75/window/maximize'
[DEBUG] Using open Channel [id: 0xb52c8b36, L:/127.0.0.1:50175 - R:localhost/127.0.0.1:11277] for POST '/session/cf8ada063fd4e9e5008568aeacdd0e75/window/maximize'
[DEBUG] Entry count for : http://localhost:50176 : 1
[DEBUG] 

Request DefaultHttpRequest(decodeResult: success, version: HTTP/1.1)
POST /session/cf8ada063fd4e9e5008568aeacdd0e75/window/maximize HTTP/1.1
User-Agent: selenium/4.11.0 (java windows)
Content-Length: 3
Content-Type: application/json; charset=utf-8
host: localhost:11277
accept: */*

Response DefaultHttpResponse(decodeResult: success, version: HTTP/1.1)
HTTP/1.1 200 OK
Content-Length: 51
Content-Type: application/json; charset=utf-8
cache-control: no-cache

[DEBUG] Adding key: http://localhost:11277 for channel [id: 0xb52c8b36, L:/127.0.0.1:50175 - R:localhost/127.0.0.1:11277]
[DEBUG] Entry count for : http://localhost:11277 : 1
[DEBUG] Entry count for : http://localhost:50176 : 1
[DEBUG] Entry count for : http://localhost:11277 : 1
[DEBUG] Entry count for : http://localhost:50176 : 1
[DEBUG] Using pooled Channel '[id: 0xb52c8b36, L:/127.0.0.1:50175 - R:localhost/127.0.0.1:11277]' for 'POST' to 'http://localhost:11277/session/cf8ada063fd4e9e5008568aeacdd0e75/element'
[DEBUG] Using open Channel [id: 0xb52c8b36, L:/127.0.0.1:50175 - R:localhost/127.0.0.1:11277] for POST '/session/cf8ada063fd4e9e5008568aeacdd0e75/element'
[DEBUG] 

Request DefaultHttpRequest(decodeResult: success, version: HTTP/1.1)
POST /session/cf8ada063fd4e9e5008568aeacdd0e75/element HTTP/1.1
User-Agent: selenium/4.11.0 (java windows)
Content-Length: 49
Content-Type: application/json; charset=utf-8
host: localhost:11277
accept: */*

Response DefaultHttpResponse(decodeResult: success, version: HTTP/1.1)
HTTP/1.1 200 OK
Content-Length: 126
Content-Type: application/json; charset=utf-8
cache-control: no-cache

[DEBUG] Adding key: http://localhost:11277 for channel [id: 0xb52c8b36, L:/127.0.0.1:50175 - R:localhost/127.0.0.1:11277]
[DEBUG] Using pooled Channel '[id: 0xb52c8b36, L:/127.0.0.1:50175 - R:localhost/127.0.0.1:11277]' for 'POST' to 'http://localhost:11277/session/cf8ada063fd4e9e5008568aeacdd0e75/element/f.6A1DFD615A4615987D55B537AA3574C6.d.1D30771469D3AEF0CD823A3D8B3C4C02.e.53/click'
[DEBUG] Using open Channel [id: 0xb52c8b36, L:/127.0.0.1:50175 - R:localhost/127.0.0.1:11277] for POST '/session/cf8ada063fd4e9e5008568aeacdd0e75/element/f.6A1DFD615A4615987D55B537AA3574C6.d.1D30771469D3AEF0CD823A3D8B3C4C02.e.53/click'
[DEBUG] Entry count for : http://localhost:50176 : 1
[DEBUG] Entry count for : http://localhost:50176 : 1
[DEBUG] Entry count for : http://localhost:50176 : 1
[DEBUG] Entry count for : http://localhost:50176 : 1
[DEBUG] 

Request DefaultHttpRequest(decodeResult: success, version: HTTP/1.1)
POST /session/cf8ada063fd4e9e5008568aeacdd0e75/element/f.6A1DFD615A4615987D55B537AA3574C6.d.1D30771469D3AEF0CD823A3D8B3C4C02.e.53/click HTTP/1.1
User-Agent: selenium/4.11.0 (java windows)
Content-Length: 88
Content-Type: application/json; charset=utf-8
host: localhost:11277
accept: */*

Response DefaultHttpResponse(decodeResult: success, version: HTTP/1.1)
HTTP/1.1 200 OK
Content-Length: 14
Content-Type: application/json; charset=utf-8
cache-control: no-cache

[DEBUG] Adding key: http://localhost:11277 for channel [id: 0xb52c8b36, L:/127.0.0.1:50175 - R:localhost/127.0.0.1:11277]
[DEBUG] Entry count for : http://localhost:11277 : 1
[DEBUG] Entry count for : http://localhost:50176 : 1
[DEBUG] Entry count for : http://localhost:11277 : 1
[DEBUG] Entry count for : http://localhost:50176 : 1
[DEBUG] Entry count for : http://localhost:11277 : 1
[DEBUG] Entry count for : http://localhost:50176 : 1
[DEBUG] Using pooled Channel '[id: 0xb52c8b36, L:/127.0.0.1:50175 - R:localhost/127.0.0.1:11277]' for 'POST' to 'http://localhost:11277/session/cf8ada063fd4e9e5008568aeacdd0e75/element'
[DEBUG] Using open Channel [id: 0xb52c8b36, L:/127.0.0.1:50175 - R:localhost/127.0.0.1:11277] for POST '/session/cf8ada063fd4e9e5008568aeacdd0e75/element'
[DEBUG] 

Request DefaultHttpRequest(decodeResult: success, version: HTTP/1.1)
POST /session/cf8ada063fd4e9e5008568aeacdd0e75/element HTTP/1.1
User-Agent: selenium/4.11.0 (java windows)
Content-Length: 58
Content-Type: application/json; charset=utf-8
host: localhost:11277
accept: */*

Response DefaultHttpResponse(decodeResult: success, version: HTTP/1.1)
HTTP/1.1 200 OK
Content-Length: 126
Content-Type: application/json; charset=utf-8
cache-control: no-cache

[DEBUG] Adding key: http://localhost:11277 for channel [id: 0xb52c8b36, L:/127.0.0.1:50175 - R:localhost/127.0.0.1:11277]
[DEBUG] Using pooled Channel '[id: 0xb52c8b36, L:/127.0.0.1:50175 - R:localhost/127.0.0.1:11277]' for 'POST' to 'http://localhost:11277/session/cf8ada063fd4e9e5008568aeacdd0e75/element/f.6A1DFD615A4615987D55B537AA3574C6.d.90E1CE8ED259B037AD6F1C87396D73C8.e.58/click'
[DEBUG] Using open Channel [id: 0xb52c8b36, L:/127.0.0.1:50175 - R:localhost/127.0.0.1:11277] for POST '/session/cf8ada063fd4e9e5008568aeacdd0e75/element/f.6A1DFD615A4615987D55B537AA3574C6.d.90E1CE8ED259B037AD6F1C87396D73C8.e.58/click'
[DEBUG] 

Request DefaultHttpRequest(decodeResult: success, version: HTTP/1.1)
POST /session/cf8ada063fd4e9e5008568aeacdd0e75/element/f.6A1DFD615A4615987D55B537AA3574C6.d.90E1CE8ED259B037AD6F1C87396D73C8.e.58/click HTTP/1.1
User-Agent: selenium/4.11.0 (java windows)
Content-Length: 88
Content-Type: application/json; charset=utf-8
host: localhost:11277
accept: */*

Response DefaultHttpResponse(decodeResult: success, version: HTTP/1.1)
HTTP/1.1 200 OK
Content-Length: 14
Content-Type: application/json; charset=utf-8
cache-control: no-cache

[DEBUG] Adding key: http://localhost:11277 for channel [id: 0xb52c8b36, L:/127.0.0.1:50175 - R:localhost/127.0.0.1:11277]
[DEBUG] Entry count for : http://localhost:11277 : 1
[DEBUG] Entry count for : http://localhost:50176 : 1
[DEBUG] Entry count for : http://localhost:11277 : 1
[DEBUG] Entry count for : http://localhost:50176 : 1
[DEBUG] Entry count for : http://localhost:11277 : 1
[DEBUG] Entry count for : http://localhost:50176 : 1
[DEBUG] Using pooled Channel '[id: 0xb52c8b36, L:/127.0.0.1:50175 - R:localhost/127.0.0.1:11277]' for 'POST' to 'http://localhost:11277/session/cf8ada063fd4e9e5008568aeacdd0e75/element'
[DEBUG] Using open Channel [id: 0xb52c8b36, L:/127.0.0.1:50175 - R:localhost/127.0.0.1:11277] for POST '/session/cf8ada063fd4e9e5008568aeacdd0e75/element'
[DEBUG] 

Request DefaultHttpRequest(decodeResult: success, version: HTTP/1.1)
POST /session/cf8ada063fd4e9e5008568aeacdd0e75/element HTTP/1.1
User-Agent: selenium/4.11.0 (java windows)
Content-Length: 54
Content-Type: application/json; charset=utf-8
host: localhost:11277
accept: */*

Response DefaultHttpResponse(decodeResult: success, version: HTTP/1.1)
HTTP/1.1 200 OK
Content-Length: 126
Content-Type: application/json; charset=utf-8
cache-control: no-cache

[DEBUG] Adding key: http://localhost:11277 for channel [id: 0xb52c8b36, L:/127.0.0.1:50175 - R:localhost/127.0.0.1:11277]
[DEBUG] Using pooled Channel '[id: 0xb52c8b36, L:/127.0.0.1:50175 - R:localhost/127.0.0.1:11277]' for 'POST' to 'http://localhost:11277/session/cf8ada063fd4e9e5008568aeacdd0e75/element/f.6A1DFD615A4615987D55B537AA3574C6.d.90E1CE8ED259B037AD6F1C87396D73C8.e.60/value'
[DEBUG] Using open Channel [id: 0xb52c8b36, L:/127.0.0.1:50175 - R:localhost/127.0.0.1:11277] for POST '/session/cf8ada063fd4e9e5008568aeacdd0e75/element/f.6A1DFD615A4615987D55B537AA3574C6.d.90E1CE8ED259B037AD6F1C87396D73C8.e.60/value'
[DEBUG] 

Request DefaultHttpRequest(decodeResult: success, version: HTTP/1.1)
POST /session/cf8ada063fd4e9e5008568aeacdd0e75/element/f.6A1DFD615A4615987D55B537AA3574C6.d.90E1CE8ED259B037AD6F1C87396D73C8.e.60/value HTTP/1.1
User-Agent: selenium/4.11.0 (java windows)
Content-Length: 179
Content-Type: application/json; charset=utf-8
host: localhost:11277
accept: */*

Response DefaultHttpResponse(decodeResult: success, version: HTTP/1.1)
HTTP/1.1 200 OK
Content-Length: 14
Content-Type: application/json; charset=utf-8
cache-control: no-cache

[DEBUG] Adding key: http://localhost:11277 for channel [id: 0xb52c8b36, L:/127.0.0.1:50175 - R:localhost/127.0.0.1:11277]
[DEBUG] Entry count for : http://localhost:11277 : 1
[DEBUG] Entry count for : http://localhost:50176 : 1
[DEBUG] Entry count for : http://localhost:11277 : 1
[DEBUG] Entry count for : http://localhost:50176 : 1
[DEBUG] Using pooled Channel '[id: 0xb52c8b36, L:/127.0.0.1:50175 - R:localhost/127.0.0.1:11277]' for 'POST' to 'http://localhost:11277/session/cf8ada063fd4e9e5008568aeacdd0e75/element'
[DEBUG] Using open Channel [id: 0xb52c8b36, L:/127.0.0.1:50175 - R:localhost/127.0.0.1:11277] for POST '/session/cf8ada063fd4e9e5008568aeacdd0e75/element'
[DEBUG] 

Request DefaultHttpRequest(decodeResult: success, version: HTTP/1.1)
POST /session/cf8ada063fd4e9e5008568aeacdd0e75/element HTTP/1.1
User-Agent: selenium/4.11.0 (java windows)
Content-Length: 53
Content-Type: application/json; charset=utf-8
host: localhost:11277
accept: */*

Response DefaultHttpResponse(decodeResult: success, version: HTTP/1.1)
HTTP/1.1 200 OK
Content-Length: 126
Content-Type: application/json; charset=utf-8
cache-control: no-cache

[DEBUG] Adding key: http://localhost:11277 for channel [id: 0xb52c8b36, L:/127.0.0.1:50175 - R:localhost/127.0.0.1:11277]
[DEBUG] Using pooled Channel '[id: 0xb52c8b36, L:/127.0.0.1:50175 - R:localhost/127.0.0.1:11277]' for 'POST' to 'http://localhost:11277/session/cf8ada063fd4e9e5008568aeacdd0e75/element/f.6A1DFD615A4615987D55B537AA3574C6.d.90E1CE8ED259B037AD6F1C87396D73C8.e.61/value'
[DEBUG] Using open Channel [id: 0xb52c8b36, L:/127.0.0.1:50175 - R:localhost/127.0.0.1:11277] for POST '/session/cf8ada063fd4e9e5008568aeacdd0e75/element/f.6A1DFD615A4615987D55B537AA3574C6.d.90E1CE8ED259B037AD6F1C87396D73C8.e.61/value'
[DEBUG] 

Request DefaultHttpRequest(decodeResult: success, version: HTTP/1.1)
POST /session/cf8ada063fd4e9e5008568aeacdd0e75/element/f.6A1DFD615A4615987D55B537AA3574C6.d.90E1CE8ED259B037AD6F1C87396D73C8.e.61/value HTTP/1.1
User-Agent: selenium/4.11.0 (java windows)
Content-Length: 169
Content-Type: application/json; charset=utf-8
host: localhost:11277
accept: */*

Response DefaultHttpResponse(decodeResult: success, version: HTTP/1.1)
HTTP/1.1 200 OK
Content-Length: 14
Content-Type: application/json; charset=utf-8
cache-control: no-cache

[DEBUG] Adding key: http://localhost:11277 for channel [id: 0xb52c8b36, L:/127.0.0.1:50175 - R:localhost/127.0.0.1:11277]
[DEBUG] Entry count for : http://localhost:11277 : 1
[DEBUG] Entry count for : http://localhost:50176 : 1
[DEBUG] Entry count for : http://localhost:11277 : 1
[DEBUG] Entry count for : http://localhost:50176 : 1
[DEBUG] Entry count for : http://localhost:11277 : 1
[DEBUG] Entry count for : http://localhost:50176 : 1
[DEBUG] Using pooled Channel '[id: 0xb52c8b36, L:/127.0.0.1:50175 - R:localhost/127.0.0.1:11277]' for 'POST' to 'http://localhost:11277/session/cf8ada063fd4e9e5008568aeacdd0e75/element'
[DEBUG] Using open Channel [id: 0xb52c8b36, L:/127.0.0.1:50175 - R:localhost/127.0.0.1:11277] for POST '/session/cf8ada063fd4e9e5008568aeacdd0e75/element'
[DEBUG] 

Request DefaultHttpRequest(decodeResult: success, version: HTTP/1.1)
POST /session/cf8ada063fd4e9e5008568aeacdd0e75/element HTTP/1.1
User-Agent: selenium/4.11.0 (java windows)
Content-Length: 68
Content-Type: application/json; charset=utf-8
host: localhost:11277
accept: */*

Response DefaultHttpResponse(decodeResult: success, version: HTTP/1.1)
HTTP/1.1 200 OK
Content-Length: 126
Content-Type: application/json; charset=utf-8
cache-control: no-cache

[DEBUG] Adding key: http://localhost:11277 for channel [id: 0xb52c8b36, L:/127.0.0.1:50175 - R:localhost/127.0.0.1:11277]
[DEBUG] Using pooled Channel '[id: 0xb52c8b36, L:/127.0.0.1:50175 - R:localhost/127.0.0.1:11277]' for 'GET' to 'http://localhost:11277/session/cf8ada063fd4e9e5008568aeacdd0e75/element/f.6A1DFD615A4615987D55B537AA3574C6.d.90E1CE8ED259B037AD6F1C87396D73C8.e.68/name'
[DEBUG] Using open Channel [id: 0xb52c8b36, L:/127.0.0.1:50175 - R:localhost/127.0.0.1:11277] for GET '/session/cf8ada063fd4e9e5008568aeacdd0e75/element/f.6A1DFD615A4615987D55B537AA3574C6.d.90E1CE8ED259B037AD6F1C87396D73C8.e.68/name'
[DEBUG] 

Request DefaultFullHttpRequest(decodeResult: success, version: HTTP/1.1, content: EmptyByteBufBE)
GET /session/cf8ada063fd4e9e5008568aeacdd0e75/element/f.6A1DFD615A4615987D55B537AA3574C6.d.90E1CE8ED259B037AD6F1C87396D73C8.e.68/name HTTP/1.1
User-Agent: selenium/4.11.0 (java windows)
Cache-Control: no-cache
Content-Type: application/json; charset=utf-8
host: localhost:11277
accept: */*

Response DefaultHttpResponse(decodeResult: success, version: HTTP/1.1)
HTTP/1.1 200 OK
Content-Length: 18
Content-Type: application/json; charset=utf-8
cache-control: no-cache

[DEBUG] Adding key: http://localhost:11277 for channel [id: 0xb52c8b36, L:/127.0.0.1:50175 - R:localhost/127.0.0.1:11277]
[DEBUG] Using pooled Channel '[id: 0xb52c8b36, L:/127.0.0.1:50175 - R:localhost/127.0.0.1:11277]' for 'POST' to 'http://localhost:11277/session/cf8ada063fd4e9e5008568aeacdd0e75/element'
[DEBUG] Using open Channel [id: 0xb52c8b36, L:/127.0.0.1:50175 - R:localhost/127.0.0.1:11277] for POST '/session/cf8ada063fd4e9e5008568aeacdd0e75/element'
[DEBUG] 

Request DefaultHttpRequest(decodeResult: success, version: HTTP/1.1)
POST /session/cf8ada063fd4e9e5008568aeacdd0e75/element HTTP/1.1
User-Agent: selenium/4.11.0 (java windows)
Content-Length: 68
Content-Type: application/json; charset=utf-8
host: localhost:11277
accept: */*

Response DefaultHttpResponse(decodeResult: success, version: HTTP/1.1)
HTTP/1.1 200 OK
Content-Length: 126
Content-Type: application/json; charset=utf-8
cache-control: no-cache

[DEBUG] Adding key: http://localhost:11277 for channel [id: 0xb52c8b36, L:/127.0.0.1:50175 - R:localhost/127.0.0.1:11277]
[DEBUG] Using pooled Channel '[id: 0xb52c8b36, L:/127.0.0.1:50175 - R:localhost/127.0.0.1:11277]' for 'GET' to 'http://localhost:11277/session/cf8ada063fd4e9e5008568aeacdd0e75/element/f.6A1DFD615A4615987D55B537AA3574C6.d.90E1CE8ED259B037AD6F1C87396D73C8.e.68/attribute/multiple'
[DEBUG] Using open Channel [id: 0xb52c8b36, L:/127.0.0.1:50175 - R:localhost/127.0.0.1:11277] for GET '/session/cf8ada063fd4e9e5008568aeacdd0e75/element/f.6A1DFD615A4615987D55B537AA3574C6.d.90E1CE8ED259B037AD6F1C87396D73C8.e.68/attribute/multiple'
[DEBUG] 

Request DefaultFullHttpRequest(decodeResult: success, version: HTTP/1.1, content: EmptyByteBufBE)
GET /session/cf8ada063fd4e9e5008568aeacdd0e75/element/f.6A1DFD615A4615987D55B537AA3574C6.d.90E1CE8ED259B037AD6F1C87396D73C8.e.68/attribute/multiple HTTP/1.1
User-Agent: selenium/4.11.0 (java windows)
Cache-Control: no-cache
Content-Type: application/json; charset=utf-8
host: localhost:11277
accept: */*

Response DefaultHttpResponse(decodeResult: success, version: HTTP/1.1)
HTTP/1.1 200 OK
Content-Length: 14
Content-Type: application/json; charset=utf-8
cache-control: no-cache

[DEBUG] Adding key: http://localhost:11277 for channel [id: 0xb52c8b36, L:/127.0.0.1:50175 - R:localhost/127.0.0.1:11277]
[DEBUG] Using pooled Channel '[id: 0xb52c8b36, L:/127.0.0.1:50175 - R:localhost/127.0.0.1:11277]' for 'POST' to 'http://localhost:11277/session/cf8ada063fd4e9e5008568aeacdd0e75/element'
[DEBUG] Using open Channel [id: 0xb52c8b36, L:/127.0.0.1:50175 - R:localhost/127.0.0.1:11277] for POST '/session/cf8ada063fd4e9e5008568aeacdd0e75/element'
[DEBUG] 

Request DefaultHttpRequest(decodeResult: success, version: HTTP/1.1)
POST /session/cf8ada063fd4e9e5008568aeacdd0e75/element HTTP/1.1
User-Agent: selenium/4.11.0 (java windows)
Content-Length: 68
Content-Type: application/json; charset=utf-8
host: localhost:11277
accept: */*

Response DefaultHttpResponse(decodeResult: success, version: HTTP/1.1)
HTTP/1.1 200 OK
Content-Length: 126
Content-Type: application/json; charset=utf-8
cache-control: no-cache

[DEBUG] Adding key: http://localhost:11277 for channel [id: 0xb52c8b36, L:/127.0.0.1:50175 - R:localhost/127.0.0.1:11277]
[DEBUG] Using pooled Channel '[id: 0xb52c8b36, L:/127.0.0.1:50175 - R:localhost/127.0.0.1:11277]' for 'GET' to 'http://localhost:11277/session/cf8ada063fd4e9e5008568aeacdd0e75/element/f.6A1DFD615A4615987D55B537AA3574C6.d.90E1CE8ED259B037AD6F1C87396D73C8.e.68/enabled'
[DEBUG] Using open Channel [id: 0xb52c8b36, L:/127.0.0.1:50175 - R:localhost/127.0.0.1:11277] for GET '/session/cf8ada063fd4e9e5008568aeacdd0e75/element/f.6A1DFD615A4615987D55B537AA3574C6.d.90E1CE8ED259B037AD6F1C87396D73C8.e.68/enabled'
[DEBUG] 

Request DefaultFullHttpRequest(decodeResult: success, version: HTTP/1.1, content: EmptyByteBufBE)
GET /session/cf8ada063fd4e9e5008568aeacdd0e75/element/f.6A1DFD615A4615987D55B537AA3574C6.d.90E1CE8ED259B037AD6F1C87396D73C8.e.68/enabled HTTP/1.1
User-Agent: selenium/4.11.0 (java windows)
Cache-Control: no-cache
Content-Type: application/json; charset=utf-8
host: localhost:11277
accept: */*

Response DefaultHttpResponse(decodeResult: success, version: HTTP/1.1)
HTTP/1.1 200 OK
Content-Length: 14
Content-Type: application/json; charset=utf-8
cache-control: no-cache

[DEBUG] Adding key: http://localhost:11277 for channel [id: 0xb52c8b36, L:/127.0.0.1:50175 - R:localhost/127.0.0.1:11277]
[DEBUG] Using pooled Channel '[id: 0xb52c8b36, L:/127.0.0.1:50175 - R:localhost/127.0.0.1:11277]' for 'POST' to 'http://localhost:11277/session/cf8ada063fd4e9e5008568aeacdd0e75/element'
[DEBUG] Using open Channel [id: 0xb52c8b36, L:/127.0.0.1:50175 - R:localhost/127.0.0.1:11277] for POST '/session/cf8ada063fd4e9e5008568aeacdd0e75/element'
[DEBUG] 

Request DefaultHttpRequest(decodeResult: success, version: HTTP/1.1)
POST /session/cf8ada063fd4e9e5008568aeacdd0e75/element HTTP/1.1
User-Agent: selenium/4.11.0 (java windows)
Content-Length: 68
Content-Type: application/json; charset=utf-8
host: localhost:11277
accept: */*

Response DefaultHttpResponse(decodeResult: success, version: HTTP/1.1)
HTTP/1.1 200 OK
Content-Length: 126
Content-Type: application/json; charset=utf-8
cache-control: no-cache

[DEBUG] Adding key: http://localhost:11277 for channel [id: 0xb52c8b36, L:/127.0.0.1:50175 - R:localhost/127.0.0.1:11277]
[DEBUG] Using pooled Channel '[id: 0xb52c8b36, L:/127.0.0.1:50175 - R:localhost/127.0.0.1:11277]' for 'POST' to 'http://localhost:11277/session/cf8ada063fd4e9e5008568aeacdd0e75/element/f.6A1DFD615A4615987D55B537AA3574C6.d.90E1CE8ED259B037AD6F1C87396D73C8.e.68/elements'
[DEBUG] Using open Channel [id: 0xb52c8b36, L:/127.0.0.1:50175 - R:localhost/127.0.0.1:11277] for POST '/session/cf8ada063fd4e9e5008568aeacdd0e75/element/f.6A1DFD615A4615987D55B537AA3574C6.d.90E1CE8ED259B037AD6F1C87396D73C8.e.68/elements'
[DEBUG] 

Request DefaultHttpRequest(decodeResult: success, version: HTTP/1.1)
POST /session/cf8ada063fd4e9e5008568aeacdd0e75/element/f.6A1DFD615A4615987D55B537AA3574C6.d.90E1CE8ED259B037AD6F1C87396D73C8.e.68/elements HTTP/1.1
User-Agent: selenium/4.11.0 (java windows)
Content-Length: 159
Content-Type: application/json; charset=utf-8
host: localhost:11277
accept: */*

Response DefaultHttpResponse(decodeResult: success, version: HTTP/1.1)
HTTP/1.1 200 OK
Content-Length: 128
Content-Type: application/json; charset=utf-8
cache-control: no-cache

[DEBUG] Adding key: http://localhost:11277 for channel [id: 0xb52c8b36, L:/127.0.0.1:50175 - R:localhost/127.0.0.1:11277]
[DEBUG] Using pooled Channel '[id: 0xb52c8b36, L:/127.0.0.1:50175 - R:localhost/127.0.0.1:11277]' for 'GET' to 'http://localhost:11277/session/cf8ada063fd4e9e5008568aeacdd0e75/element/f.6A1DFD615A4615987D55B537AA3574C6.d.90E1CE8ED259B037AD6F1C87396D73C8.e.86/enabled'
[DEBUG] Using open Channel [id: 0xb52c8b36, L:/127.0.0.1:50175 - R:localhost/127.0.0.1:11277] for GET '/session/cf8ada063fd4e9e5008568aeacdd0e75/element/f.6A1DFD615A4615987D55B537AA3574C6.d.90E1CE8ED259B037AD6F1C87396D73C8.e.86/enabled'
[DEBUG] 

Request DefaultFullHttpRequest(decodeResult: success, version: HTTP/1.1, content: EmptyByteBufBE)
GET /session/cf8ada063fd4e9e5008568aeacdd0e75/element/f.6A1DFD615A4615987D55B537AA3574C6.d.90E1CE8ED259B037AD6F1C87396D73C8.e.86/enabled HTTP/1.1
User-Agent: selenium/4.11.0 (java windows)
Cache-Control: no-cache
Content-Type: application/json; charset=utf-8
host: localhost:11277
accept: */*

Response DefaultHttpResponse(decodeResult: success, version: HTTP/1.1)
HTTP/1.1 200 OK
Content-Length: 14
Content-Type: application/json; charset=utf-8
cache-control: no-cache

[DEBUG] Adding key: http://localhost:11277 for channel [id: 0xb52c8b36, L:/127.0.0.1:50175 - R:localhost/127.0.0.1:11277]
[DEBUG] Using pooled Channel '[id: 0xb52c8b36, L:/127.0.0.1:50175 - R:localhost/127.0.0.1:11277]' for 'GET' to 'http://localhost:11277/session/cf8ada063fd4e9e5008568aeacdd0e75/element/f.6A1DFD615A4615987D55B537AA3574C6.d.90E1CE8ED259B037AD6F1C87396D73C8.e.86/selected'
[DEBUG] Using open Channel [id: 0xb52c8b36, L:/127.0.0.1:50175 - R:localhost/127.0.0.1:11277] for GET '/session/cf8ada063fd4e9e5008568aeacdd0e75/element/f.6A1DFD615A4615987D55B537AA3574C6.d.90E1CE8ED259B037AD6F1C87396D73C8.e.86/selected'
[DEBUG] 

Request DefaultFullHttpRequest(decodeResult: success, version: HTTP/1.1, content: EmptyByteBufBE)
GET /session/cf8ada063fd4e9e5008568aeacdd0e75/element/f.6A1DFD615A4615987D55B537AA3574C6.d.90E1CE8ED259B037AD6F1C87396D73C8.e.86/selected HTTP/1.1
User-Agent: selenium/4.11.0 (java windows)
Cache-Control: no-cache
Content-Type: application/json; charset=utf-8
host: localhost:11277
accept: */*

Response DefaultHttpResponse(decodeResult: success, version: HTTP/1.1)
HTTP/1.1 200 OK
Content-Length: 15
Content-Type: application/json; charset=utf-8
cache-control: no-cache

[DEBUG] Adding key: http://localhost:11277 for channel [id: 0xb52c8b36, L:/127.0.0.1:50175 - R:localhost/127.0.0.1:11277]
[DEBUG] Using pooled Channel '[id: 0xb52c8b36, L:/127.0.0.1:50175 - R:localhost/127.0.0.1:11277]' for 'POST' to 'http://localhost:11277/session/cf8ada063fd4e9e5008568aeacdd0e75/element/f.6A1DFD615A4615987D55B537AA3574C6.d.90E1CE8ED259B037AD6F1C87396D73C8.e.86/click'
[DEBUG] Using open Channel [id: 0xb52c8b36, L:/127.0.0.1:50175 - R:localhost/127.0.0.1:11277] for POST '/session/cf8ada063fd4e9e5008568aeacdd0e75/element/f.6A1DFD615A4615987D55B537AA3574C6.d.90E1CE8ED259B037AD6F1C87396D73C8.e.86/click'
[DEBUG] 

Request DefaultHttpRequest(decodeResult: success, version: HTTP/1.1)
POST /session/cf8ada063fd4e9e5008568aeacdd0e75/element/f.6A1DFD615A4615987D55B537AA3574C6.d.90E1CE8ED259B037AD6F1C87396D73C8.e.86/click HTTP/1.1
User-Agent: selenium/4.11.0 (java windows)
Content-Length: 88
Content-Type: application/json; charset=utf-8
host: localhost:11277
accept: */*

Response DefaultHttpResponse(decodeResult: success, version: HTTP/1.1)
HTTP/1.1 200 OK
Content-Length: 14
Content-Type: application/json; charset=utf-8
cache-control: no-cache

[DEBUG] Adding key: http://localhost:11277 for channel [id: 0xb52c8b36, L:/127.0.0.1:50175 - R:localhost/127.0.0.1:11277]
[DEBUG] Using pooled Channel '[id: 0xb52c8b36, L:/127.0.0.1:50175 - R:localhost/127.0.0.1:11277]' for 'POST' to 'http://localhost:11277/session/cf8ada063fd4e9e5008568aeacdd0e75/element'
[DEBUG] Using open Channel [id: 0xb52c8b36, L:/127.0.0.1:50175 - R:localhost/127.0.0.1:11277] for POST '/session/cf8ada063fd4e9e5008568aeacdd0e75/element'
[DEBUG] 

Request DefaultHttpRequest(decodeResult: success, version: HTTP/1.1)
POST /session/cf8ada063fd4e9e5008568aeacdd0e75/element HTTP/1.1
User-Agent: selenium/4.11.0 (java windows)
Content-Length: 70
Content-Type: application/json; charset=utf-8
host: localhost:11277
accept: */*

Response DefaultHttpResponse(decodeResult: success, version: HTTP/1.1)
HTTP/1.1 200 OK
Content-Length: 126
Content-Type: application/json; charset=utf-8
cache-control: no-cache

[DEBUG] Adding key: http://localhost:11277 for channel [id: 0xb52c8b36, L:/127.0.0.1:50175 - R:localhost/127.0.0.1:11277]
[DEBUG] Using pooled Channel '[id: 0xb52c8b36, L:/127.0.0.1:50175 - R:localhost/127.0.0.1:11277]' for 'GET' to 'http://localhost:11277/session/cf8ada063fd4e9e5008568aeacdd0e75/element/f.6A1DFD615A4615987D55B537AA3574C6.d.90E1CE8ED259B037AD6F1C87396D73C8.e.69/name'
[DEBUG] Using open Channel [id: 0xb52c8b36, L:/127.0.0.1:50175 - R:localhost/127.0.0.1:11277] for GET '/session/cf8ada063fd4e9e5008568aeacdd0e75/element/f.6A1DFD615A4615987D55B537AA3574C6.d.90E1CE8ED259B037AD6F1C87396D73C8.e.69/name'
[DEBUG] 

Request DefaultFullHttpRequest(decodeResult: success, version: HTTP/1.1, content: EmptyByteBufBE)
GET /session/cf8ada063fd4e9e5008568aeacdd0e75/element/f.6A1DFD615A4615987D55B537AA3574C6.d.90E1CE8ED259B037AD6F1C87396D73C8.e.69/name HTTP/1.1
User-Agent: selenium/4.11.0 (java windows)
Cache-Control: no-cache
Content-Type: application/json; charset=utf-8
host: localhost:11277
accept: */*

Response DefaultHttpResponse(decodeResult: success, version: HTTP/1.1)
HTTP/1.1 200 OK
Content-Length: 18
Content-Type: application/json; charset=utf-8
cache-control: no-cache

[DEBUG] Adding key: http://localhost:11277 for channel [id: 0xb52c8b36, L:/127.0.0.1:50175 - R:localhost/127.0.0.1:11277]
[DEBUG] Using pooled Channel '[id: 0xb52c8b36, L:/127.0.0.1:50175 - R:localhost/127.0.0.1:11277]' for 'POST' to 'http://localhost:11277/session/cf8ada063fd4e9e5008568aeacdd0e75/element'
[DEBUG] Using open Channel [id: 0xb52c8b36, L:/127.0.0.1:50175 - R:localhost/127.0.0.1:11277] for POST '/session/cf8ada063fd4e9e5008568aeacdd0e75/element'
[DEBUG] 

Request DefaultHttpRequest(decodeResult: success, version: HTTP/1.1)
POST /session/cf8ada063fd4e9e5008568aeacdd0e75/element HTTP/1.1
User-Agent: selenium/4.11.0 (java windows)
Content-Length: 70
Content-Type: application/json; charset=utf-8
host: localhost:11277
accept: */*

Response DefaultHttpResponse(decodeResult: success, version: HTTP/1.1)
HTTP/1.1 200 OK
Content-Length: 126
Content-Type: application/json; charset=utf-8
cache-control: no-cache

[DEBUG] Adding key: http://localhost:11277 for channel [id: 0xb52c8b36, L:/127.0.0.1:50175 - R:localhost/127.0.0.1:11277]
[DEBUG] Using pooled Channel '[id: 0xb52c8b36, L:/127.0.0.1:50175 - R:localhost/127.0.0.1:11277]' for 'GET' to 'http://localhost:11277/session/cf8ada063fd4e9e5008568aeacdd0e75/element/f.6A1DFD615A4615987D55B537AA3574C6.d.90E1CE8ED259B037AD6F1C87396D73C8.e.69/attribute/multiple'
[DEBUG] Using open Channel [id: 0xb52c8b36, L:/127.0.0.1:50175 - R:localhost/127.0.0.1:11277] for GET '/session/cf8ada063fd4e9e5008568aeacdd0e75/element/f.6A1DFD615A4615987D55B537AA3574C6.d.90E1CE8ED259B037AD6F1C87396D73C8.e.69/attribute/multiple'
[DEBUG] 

Request DefaultFullHttpRequest(decodeResult: success, version: HTTP/1.1, content: EmptyByteBufBE)
GET /session/cf8ada063fd4e9e5008568aeacdd0e75/element/f.6A1DFD615A4615987D55B537AA3574C6.d.90E1CE8ED259B037AD6F1C87396D73C8.e.69/attribute/multiple HTTP/1.1
User-Agent: selenium/4.11.0 (java windows)
Cache-Control: no-cache
Content-Type: application/json; charset=utf-8
host: localhost:11277
accept: */*

Response DefaultHttpResponse(decodeResult: success, version: HTTP/1.1)
HTTP/1.1 200 OK
Content-Length: 14
Content-Type: application/json; charset=utf-8
cache-control: no-cache

[DEBUG] Adding key: http://localhost:11277 for channel [id: 0xb52c8b36, L:/127.0.0.1:50175 - R:localhost/127.0.0.1:11277]
[DEBUG] Using pooled Channel '[id: 0xb52c8b36, L:/127.0.0.1:50175 - R:localhost/127.0.0.1:11277]' for 'POST' to 'http://localhost:11277/session/cf8ada063fd4e9e5008568aeacdd0e75/element'
[DEBUG] Using open Channel [id: 0xb52c8b36, L:/127.0.0.1:50175 - R:localhost/127.0.0.1:11277] for POST '/session/cf8ada063fd4e9e5008568aeacdd0e75/element'
[DEBUG] 

Request DefaultHttpRequest(decodeResult: success, version: HTTP/1.1)
POST /session/cf8ada063fd4e9e5008568aeacdd0e75/element HTTP/1.1
User-Agent: selenium/4.11.0 (java windows)
Content-Length: 70
Content-Type: application/json; charset=utf-8
host: localhost:11277
accept: */*

Response DefaultHttpResponse(decodeResult: success, version: HTTP/1.1)
HTTP/1.1 200 OK
Content-Length: 126
Content-Type: application/json; charset=utf-8
cache-control: no-cache

[DEBUG] Adding key: http://localhost:11277 for channel [id: 0xb52c8b36, L:/127.0.0.1:50175 - R:localhost/127.0.0.1:11277]
[DEBUG] Using pooled Channel '[id: 0xb52c8b36, L:/127.0.0.1:50175 - R:localhost/127.0.0.1:11277]' for 'GET' to 'http://localhost:11277/session/cf8ada063fd4e9e5008568aeacdd0e75/element/f.6A1DFD615A4615987D55B537AA3574C6.d.90E1CE8ED259B037AD6F1C87396D73C8.e.69/enabled'
[DEBUG] Using open Channel [id: 0xb52c8b36, L:/127.0.0.1:50175 - R:localhost/127.0.0.1:11277] for GET '/session/cf8ada063fd4e9e5008568aeacdd0e75/element/f.6A1DFD615A4615987D55B537AA3574C6.d.90E1CE8ED259B037AD6F1C87396D73C8.e.69/enabled'
[DEBUG] 

Request DefaultFullHttpRequest(decodeResult: success, version: HTTP/1.1, content: EmptyByteBufBE)
GET /session/cf8ada063fd4e9e5008568aeacdd0e75/element/f.6A1DFD615A4615987D55B537AA3574C6.d.90E1CE8ED259B037AD6F1C87396D73C8.e.69/enabled HTTP/1.1
User-Agent: selenium/4.11.0 (java windows)
Cache-Control: no-cache
Content-Type: application/json; charset=utf-8
host: localhost:11277
accept: */*

Response DefaultHttpResponse(decodeResult: success, version: HTTP/1.1)
HTTP/1.1 200 OK
Content-Length: 14
Content-Type: application/json; charset=utf-8
cache-control: no-cache

[DEBUG] Adding key: http://localhost:11277 for channel [id: 0xb52c8b36, L:/127.0.0.1:50175 - R:localhost/127.0.0.1:11277]
[DEBUG] Using pooled Channel '[id: 0xb52c8b36, L:/127.0.0.1:50175 - R:localhost/127.0.0.1:11277]' for 'POST' to 'http://localhost:11277/session/cf8ada063fd4e9e5008568aeacdd0e75/element'
[DEBUG] Using open Channel [id: 0xb52c8b36, L:/127.0.0.1:50175 - R:localhost/127.0.0.1:11277] for POST '/session/cf8ada063fd4e9e5008568aeacdd0e75/element'
[DEBUG] 

Request DefaultHttpRequest(decodeResult: success, version: HTTP/1.1)
POST /session/cf8ada063fd4e9e5008568aeacdd0e75/element HTTP/1.1
User-Agent: selenium/4.11.0 (java windows)
Content-Length: 70
Content-Type: application/json; charset=utf-8
host: localhost:11277
accept: */*

Response DefaultHttpResponse(decodeResult: success, version: HTTP/1.1)
HTTP/1.1 200 OK
Content-Length: 126
Content-Type: application/json; charset=utf-8
cache-control: no-cache

[DEBUG] Adding key: http://localhost:11277 for channel [id: 0xb52c8b36, L:/127.0.0.1:50175 - R:localhost/127.0.0.1:11277]
[DEBUG] Using pooled Channel '[id: 0xb52c8b36, L:/127.0.0.1:50175 - R:localhost/127.0.0.1:11277]' for 'POST' to 'http://localhost:11277/session/cf8ada063fd4e9e5008568aeacdd0e75/element/f.6A1DFD615A4615987D55B537AA3574C6.d.90E1CE8ED259B037AD6F1C87396D73C8.e.69/elements'
[DEBUG] Using open Channel [id: 0xb52c8b36, L:/127.0.0.1:50175 - R:localhost/127.0.0.1:11277] for POST '/session/cf8ada063fd4e9e5008568aeacdd0e75/element/f.6A1DFD615A4615987D55B537AA3574C6.d.90E1CE8ED259B037AD6F1C87396D73C8.e.69/elements'
[DEBUG] 

Request DefaultHttpRequest(decodeResult: success, version: HTTP/1.1)
POST /session/cf8ada063fd4e9e5008568aeacdd0e75/element/f.6A1DFD615A4615987D55B537AA3574C6.d.90E1CE8ED259B037AD6F1C87396D73C8.e.69/elements HTTP/1.1
User-Agent: selenium/4.11.0 (java windows)
Content-Length: 158
Content-Type: application/json; charset=utf-8
host: localhost:11277
accept: */*

Response DefaultHttpResponse(decodeResult: success, version: HTTP/1.1)
HTTP/1.1 200 OK
Content-Length: 128
Content-Type: application/json; charset=utf-8
cache-control: no-cache

[DEBUG] Adding key: http://localhost:11277 for channel [id: 0xb52c8b36, L:/127.0.0.1:50175 - R:localhost/127.0.0.1:11277]
[DEBUG] Using pooled Channel '[id: 0xb52c8b36, L:/127.0.0.1:50175 - R:localhost/127.0.0.1:11277]' for 'GET' to 'http://localhost:11277/session/cf8ada063fd4e9e5008568aeacdd0e75/element/f.6A1DFD615A4615987D55B537AA3574C6.d.90E1CE8ED259B037AD6F1C87396D73C8.e.89/enabled'
[DEBUG] Using open Channel [id: 0xb52c8b36, L:/127.0.0.1:50175 - R:localhost/127.0.0.1:11277] for GET '/session/cf8ada063fd4e9e5008568aeacdd0e75/element/f.6A1DFD615A4615987D55B537AA3574C6.d.90E1CE8ED259B037AD6F1C87396D73C8.e.89/enabled'
[DEBUG] 

Request DefaultFullHttpRequest(decodeResult: success, version: HTTP/1.1, content: EmptyByteBufBE)
GET /session/cf8ada063fd4e9e5008568aeacdd0e75/element/f.6A1DFD615A4615987D55B537AA3574C6.d.90E1CE8ED259B037AD6F1C87396D73C8.e.89/enabled HTTP/1.1
User-Agent: selenium/4.11.0 (java windows)
Cache-Control: no-cache
Content-Type: application/json; charset=utf-8
host: localhost:11277
accept: */*

Response DefaultHttpResponse(decodeResult: success, version: HTTP/1.1)
HTTP/1.1 200 OK
Content-Length: 14
Content-Type: application/json; charset=utf-8
cache-control: no-cache

[DEBUG] Adding key: http://localhost:11277 for channel [id: 0xb52c8b36, L:/127.0.0.1:50175 - R:localhost/127.0.0.1:11277]
[DEBUG] Using pooled Channel '[id: 0xb52c8b36, L:/127.0.0.1:50175 - R:localhost/127.0.0.1:11277]' for 'GET' to 'http://localhost:11277/session/cf8ada063fd4e9e5008568aeacdd0e75/element/f.6A1DFD615A4615987D55B537AA3574C6.d.90E1CE8ED259B037AD6F1C87396D73C8.e.89/selected'
[DEBUG] Using open Channel [id: 0xb52c8b36, L:/127.0.0.1:50175 - R:localhost/127.0.0.1:11277] for GET '/session/cf8ada063fd4e9e5008568aeacdd0e75/element/f.6A1DFD615A4615987D55B537AA3574C6.d.90E1CE8ED259B037AD6F1C87396D73C8.e.89/selected'
[DEBUG] 

Request DefaultFullHttpRequest(decodeResult: success, version: HTTP/1.1, content: EmptyByteBufBE)
GET /session/cf8ada063fd4e9e5008568aeacdd0e75/element/f.6A1DFD615A4615987D55B537AA3574C6.d.90E1CE8ED259B037AD6F1C87396D73C8.e.89/selected HTTP/1.1
User-Agent: selenium/4.11.0 (java windows)
Cache-Control: no-cache
Content-Type: application/json; charset=utf-8
host: localhost:11277
accept: */*

Response DefaultHttpResponse(decodeResult: success, version: HTTP/1.1)
HTTP/1.1 200 OK
Content-Length: 15
Content-Type: application/json; charset=utf-8
cache-control: no-cache

[DEBUG] Adding key: http://localhost:11277 for channel [id: 0xb52c8b36, L:/127.0.0.1:50175 - R:localhost/127.0.0.1:11277]
[DEBUG] Using pooled Channel '[id: 0xb52c8b36, L:/127.0.0.1:50175 - R:localhost/127.0.0.1:11277]' for 'POST' to 'http://localhost:11277/session/cf8ada063fd4e9e5008568aeacdd0e75/element/f.6A1DFD615A4615987D55B537AA3574C6.d.90E1CE8ED259B037AD6F1C87396D73C8.e.89/click'
[DEBUG] Using open Channel [id: 0xb52c8b36, L:/127.0.0.1:50175 - R:localhost/127.0.0.1:11277] for POST '/session/cf8ada063fd4e9e5008568aeacdd0e75/element/f.6A1DFD615A4615987D55B537AA3574C6.d.90E1CE8ED259B037AD6F1C87396D73C8.e.89/click'
[DEBUG] 

Request DefaultHttpRequest(decodeResult: success, version: HTTP/1.1)
POST /session/cf8ada063fd4e9e5008568aeacdd0e75/element/f.6A1DFD615A4615987D55B537AA3574C6.d.90E1CE8ED259B037AD6F1C87396D73C8.e.89/click HTTP/1.1
User-Agent: selenium/4.11.0 (java windows)
Content-Length: 88
Content-Type: application/json; charset=utf-8
host: localhost:11277
accept: */*

Response DefaultHttpResponse(decodeResult: success, version: HTTP/1.1)
HTTP/1.1 200 OK
Content-Length: 14
Content-Type: application/json; charset=utf-8
cache-control: no-cache

[DEBUG] Adding key: http://localhost:11277 for channel [id: 0xb52c8b36, L:/127.0.0.1:50175 - R:localhost/127.0.0.1:11277]
[DEBUG] Using pooled Channel '[id: 0xb52c8b36, L:/127.0.0.1:50175 - R:localhost/127.0.0.1:11277]' for 'POST' to 'http://localhost:11277/session/cf8ada063fd4e9e5008568aeacdd0e75/element'
[DEBUG] Using open Channel [id: 0xb52c8b36, L:/127.0.0.1:50175 - R:localhost/127.0.0.1:11277] for POST '/session/cf8ada063fd4e9e5008568aeacdd0e75/element'
[DEBUG] 

Request DefaultHttpRequest(decodeResult: success, version: HTTP/1.1)
POST /session/cf8ada063fd4e9e5008568aeacdd0e75/element HTTP/1.1
User-Agent: selenium/4.11.0 (java windows)
Content-Length: 69
Content-Type: application/json; charset=utf-8
host: localhost:11277
accept: */*

Response DefaultHttpResponse(decodeResult: success, version: HTTP/1.1)
HTTP/1.1 200 OK
Content-Length: 126
Content-Type: application/json; charset=utf-8
cache-control: no-cache

[DEBUG] Adding key: http://localhost:11277 for channel [id: 0xb52c8b36, L:/127.0.0.1:50175 - R:localhost/127.0.0.1:11277]
[DEBUG] Using pooled Channel '[id: 0xb52c8b36, L:/127.0.0.1:50175 - R:localhost/127.0.0.1:11277]' for 'GET' to 'http://localhost:11277/session/cf8ada063fd4e9e5008568aeacdd0e75/element/f.6A1DFD615A4615987D55B537AA3574C6.d.90E1CE8ED259B037AD6F1C87396D73C8.e.70/name'
[DEBUG] Using open Channel [id: 0xb52c8b36, L:/127.0.0.1:50175 - R:localhost/127.0.0.1:11277] for GET '/session/cf8ada063fd4e9e5008568aeacdd0e75/element/f.6A1DFD615A4615987D55B537AA3574C6.d.90E1CE8ED259B037AD6F1C87396D73C8.e.70/name'
[DEBUG] 

Request DefaultFullHttpRequest(decodeResult: success, version: HTTP/1.1, content: EmptyByteBufBE)
GET /session/cf8ada063fd4e9e5008568aeacdd0e75/element/f.6A1DFD615A4615987D55B537AA3574C6.d.90E1CE8ED259B037AD6F1C87396D73C8.e.70/name HTTP/1.1
User-Agent: selenium/4.11.0 (java windows)
Cache-Control: no-cache
Content-Type: application/json; charset=utf-8
host: localhost:11277
accept: */*

Response DefaultHttpResponse(decodeResult: success, version: HTTP/1.1)
HTTP/1.1 200 OK
Content-Length: 18
Content-Type: application/json; charset=utf-8
cache-control: no-cache

[DEBUG] Adding key: http://localhost:11277 for channel [id: 0xb52c8b36, L:/127.0.0.1:50175 - R:localhost/127.0.0.1:11277]
[DEBUG] Using pooled Channel '[id: 0xb52c8b36, L:/127.0.0.1:50175 - R:localhost/127.0.0.1:11277]' for 'POST' to 'http://localhost:11277/session/cf8ada063fd4e9e5008568aeacdd0e75/element'
[DEBUG] Using open Channel [id: 0xb52c8b36, L:/127.0.0.1:50175 - R:localhost/127.0.0.1:11277] for POST '/session/cf8ada063fd4e9e5008568aeacdd0e75/element'
[DEBUG] 

Request DefaultHttpRequest(decodeResult: success, version: HTTP/1.1)
POST /session/cf8ada063fd4e9e5008568aeacdd0e75/element HTTP/1.1
User-Agent: selenium/4.11.0 (java windows)
Content-Length: 69
Content-Type: application/json; charset=utf-8
host: localhost:11277
accept: */*

Response DefaultHttpResponse(decodeResult: success, version: HTTP/1.1)
HTTP/1.1 200 OK
Content-Length: 126
Content-Type: application/json; charset=utf-8
cache-control: no-cache

[DEBUG] Adding key: http://localhost:11277 for channel [id: 0xb52c8b36, L:/127.0.0.1:50175 - R:localhost/127.0.0.1:11277]
[DEBUG] Using pooled Channel '[id: 0xb52c8b36, L:/127.0.0.1:50175 - R:localhost/127.0.0.1:11277]' for 'GET' to 'http://localhost:11277/session/cf8ada063fd4e9e5008568aeacdd0e75/element/f.6A1DFD615A4615987D55B537AA3574C6.d.90E1CE8ED259B037AD6F1C87396D73C8.e.70/attribute/multiple'
[DEBUG] Using open Channel [id: 0xb52c8b36, L:/127.0.0.1:50175 - R:localhost/127.0.0.1:11277] for GET '/session/cf8ada063fd4e9e5008568aeacdd0e75/element/f.6A1DFD615A4615987D55B537AA3574C6.d.90E1CE8ED259B037AD6F1C87396D73C8.e.70/attribute/multiple'
[DEBUG] 

Request DefaultFullHttpRequest(decodeResult: success, version: HTTP/1.1, content: EmptyByteBufBE)
GET /session/cf8ada063fd4e9e5008568aeacdd0e75/element/f.6A1DFD615A4615987D55B537AA3574C6.d.90E1CE8ED259B037AD6F1C87396D73C8.e.70/attribute/multiple HTTP/1.1
User-Agent: selenium/4.11.0 (java windows)
Cache-Control: no-cache
Content-Type: application/json; charset=utf-8
host: localhost:11277
accept: */*

Response DefaultHttpResponse(decodeResult: success, version: HTTP/1.1)
HTTP/1.1 200 OK
Content-Length: 14
Content-Type: application/json; charset=utf-8
cache-control: no-cache

[DEBUG] Adding key: http://localhost:11277 for channel [id: 0xb52c8b36, L:/127.0.0.1:50175 - R:localhost/127.0.0.1:11277]
[DEBUG] Using pooled Channel '[id: 0xb52c8b36, L:/127.0.0.1:50175 - R:localhost/127.0.0.1:11277]' for 'POST' to 'http://localhost:11277/session/cf8ada063fd4e9e5008568aeacdd0e75/element'
[DEBUG] Using open Channel [id: 0xb52c8b36, L:/127.0.0.1:50175 - R:localhost/127.0.0.1:11277] for POST '/session/cf8ada063fd4e9e5008568aeacdd0e75/element'
[DEBUG] 

Request DefaultHttpRequest(decodeResult: success, version: HTTP/1.1)
POST /session/cf8ada063fd4e9e5008568aeacdd0e75/element HTTP/1.1
User-Agent: selenium/4.11.0 (java windows)
Content-Length: 69
Content-Type: application/json; charset=utf-8
host: localhost:11277
accept: */*

Response DefaultHttpResponse(decodeResult: success, version: HTTP/1.1)
HTTP/1.1 200 OK
Content-Length: 126
Content-Type: application/json; charset=utf-8
cache-control: no-cache

[DEBUG] Adding key: http://localhost:11277 for channel [id: 0xb52c8b36, L:/127.0.0.1:50175 - R:localhost/127.0.0.1:11277]
[DEBUG] Using pooled Channel '[id: 0xb52c8b36, L:/127.0.0.1:50175 - R:localhost/127.0.0.1:11277]' for 'GET' to 'http://localhost:11277/session/cf8ada063fd4e9e5008568aeacdd0e75/element/f.6A1DFD615A4615987D55B537AA3574C6.d.90E1CE8ED259B037AD6F1C87396D73C8.e.70/enabled'
[DEBUG] Using open Channel [id: 0xb52c8b36, L:/127.0.0.1:50175 - R:localhost/127.0.0.1:11277] for GET '/session/cf8ada063fd4e9e5008568aeacdd0e75/element/f.6A1DFD615A4615987D55B537AA3574C6.d.90E1CE8ED259B037AD6F1C87396D73C8.e.70/enabled'
[DEBUG] 

Request DefaultFullHttpRequest(decodeResult: success, version: HTTP/1.1, content: EmptyByteBufBE)
GET /session/cf8ada063fd4e9e5008568aeacdd0e75/element/f.6A1DFD615A4615987D55B537AA3574C6.d.90E1CE8ED259B037AD6F1C87396D73C8.e.70/enabled HTTP/1.1
User-Agent: selenium/4.11.0 (java windows)
Cache-Control: no-cache
Content-Type: application/json; charset=utf-8
host: localhost:11277
accept: */*

Response DefaultHttpResponse(decodeResult: success, version: HTTP/1.1)
HTTP/1.1 200 OK
Content-Length: 14
Content-Type: application/json; charset=utf-8
cache-control: no-cache

[DEBUG] Adding key: http://localhost:11277 for channel [id: 0xb52c8b36, L:/127.0.0.1:50175 - R:localhost/127.0.0.1:11277]
[DEBUG] Using pooled Channel '[id: 0xb52c8b36, L:/127.0.0.1:50175 - R:localhost/127.0.0.1:11277]' for 'POST' to 'http://localhost:11277/session/cf8ada063fd4e9e5008568aeacdd0e75/element'
[DEBUG] Using open Channel [id: 0xb52c8b36, L:/127.0.0.1:50175 - R:localhost/127.0.0.1:11277] for POST '/session/cf8ada063fd4e9e5008568aeacdd0e75/element'
[DEBUG] 

Request DefaultHttpRequest(decodeResult: success, version: HTTP/1.1)
POST /session/cf8ada063fd4e9e5008568aeacdd0e75/element HTTP/1.1
User-Agent: selenium/4.11.0 (java windows)
Content-Length: 69
Content-Type: application/json; charset=utf-8
host: localhost:11277
accept: */*

Response DefaultHttpResponse(decodeResult: success, version: HTTP/1.1)
HTTP/1.1 200 OK
Content-Length: 126
Content-Type: application/json; charset=utf-8
cache-control: no-cache

[DEBUG] Adding key: http://localhost:11277 for channel [id: 0xb52c8b36, L:/127.0.0.1:50175 - R:localhost/127.0.0.1:11277]
[DEBUG] Using pooled Channel '[id: 0xb52c8b36, L:/127.0.0.1:50175 - R:localhost/127.0.0.1:11277]' for 'POST' to 'http://localhost:11277/session/cf8ada063fd4e9e5008568aeacdd0e75/element/f.6A1DFD615A4615987D55B537AA3574C6.d.90E1CE8ED259B037AD6F1C87396D73C8.e.70/elements'
[DEBUG] Using open Channel [id: 0xb52c8b36, L:/127.0.0.1:50175 - R:localhost/127.0.0.1:11277] for POST '/session/cf8ada063fd4e9e5008568aeacdd0e75/element/f.6A1DFD615A4615987D55B537AA3574C6.d.90E1CE8ED259B037AD6F1C87396D73C8.e.70/elements'
[DEBUG] 

Request DefaultHttpRequest(decodeResult: success, version: HTTP/1.1)
POST /session/cf8ada063fd4e9e5008568aeacdd0e75/element/f.6A1DFD615A4615987D55B537AA3574C6.d.90E1CE8ED259B037AD6F1C87396D73C8.e.70/elements HTTP/1.1
User-Agent: selenium/4.11.0 (java windows)
Content-Length: 161
Content-Type: application/json; charset=utf-8
host: localhost:11277
accept: */*

Response DefaultHttpResponse(decodeResult: success, version: HTTP/1.1)
HTTP/1.1 200 OK
Content-Length: 128
Content-Type: application/json; charset=utf-8
cache-control: no-cache

[DEBUG] Adding key: http://localhost:11277 for channel [id: 0xb52c8b36, L:/127.0.0.1:50175 - R:localhost/127.0.0.1:11277]
[DEBUG] Using pooled Channel '[id: 0xb52c8b36, L:/127.0.0.1:50175 - R:localhost/127.0.0.1:11277]' for 'GET' to 'http://localhost:11277/session/cf8ada063fd4e9e5008568aeacdd0e75/element/f.6A1DFD615A4615987D55B537AA3574C6.d.90E1CE8ED259B037AD6F1C87396D73C8.e.92/enabled'
[DEBUG] Using open Channel [id: 0xb52c8b36, L:/127.0.0.1:50175 - R:localhost/127.0.0.1:11277] for GET '/session/cf8ada063fd4e9e5008568aeacdd0e75/element/f.6A1DFD615A4615987D55B537AA3574C6.d.90E1CE8ED259B037AD6F1C87396D73C8.e.92/enabled'
[DEBUG] 

Request DefaultFullHttpRequest(decodeResult: success, version: HTTP/1.1, content: EmptyByteBufBE)
GET /session/cf8ada063fd4e9e5008568aeacdd0e75/element/f.6A1DFD615A4615987D55B537AA3574C6.d.90E1CE8ED259B037AD6F1C87396D73C8.e.92/enabled HTTP/1.1
User-Agent: selenium/4.11.0 (java windows)
Cache-Control: no-cache
Content-Type: application/json; charset=utf-8
host: localhost:11277
accept: */*

Response DefaultHttpResponse(decodeResult: success, version: HTTP/1.1)
HTTP/1.1 200 OK
Content-Length: 14
Content-Type: application/json; charset=utf-8
cache-control: no-cache

[DEBUG] Adding key: http://localhost:11277 for channel [id: 0xb52c8b36, L:/127.0.0.1:50175 - R:localhost/127.0.0.1:11277]
[DEBUG] Using pooled Channel '[id: 0xb52c8b36, L:/127.0.0.1:50175 - R:localhost/127.0.0.1:11277]' for 'GET' to 'http://localhost:11277/session/cf8ada063fd4e9e5008568aeacdd0e75/element/f.6A1DFD615A4615987D55B537AA3574C6.d.90E1CE8ED259B037AD6F1C87396D73C8.e.92/selected'
[DEBUG] Using open Channel [id: 0xb52c8b36, L:/127.0.0.1:50175 - R:localhost/127.0.0.1:11277] for GET '/session/cf8ada063fd4e9e5008568aeacdd0e75/element/f.6A1DFD615A4615987D55B537AA3574C6.d.90E1CE8ED259B037AD6F1C87396D73C8.e.92/selected'
[DEBUG] 

Request DefaultFullHttpRequest(decodeResult: success, version: HTTP/1.1, content: EmptyByteBufBE)
GET /session/cf8ada063fd4e9e5008568aeacdd0e75/element/f.6A1DFD615A4615987D55B537AA3574C6.d.90E1CE8ED259B037AD6F1C87396D73C8.e.92/selected HTTP/1.1
User-Agent: selenium/4.11.0 (java windows)
Cache-Control: no-cache
Content-Type: application/json; charset=utf-8
host: localhost:11277
accept: */*

Response DefaultHttpResponse(decodeResult: success, version: HTTP/1.1)
HTTP/1.1 200 OK
Content-Length: 15
Content-Type: application/json; charset=utf-8
cache-control: no-cache

[DEBUG] Adding key: http://localhost:11277 for channel [id: 0xb52c8b36, L:/127.0.0.1:50175 - R:localhost/127.0.0.1:11277]
[DEBUG] Using pooled Channel '[id: 0xb52c8b36, L:/127.0.0.1:50175 - R:localhost/127.0.0.1:11277]' for 'POST' to 'http://localhost:11277/session/cf8ada063fd4e9e5008568aeacdd0e75/element/f.6A1DFD615A4615987D55B537AA3574C6.d.90E1CE8ED259B037AD6F1C87396D73C8.e.92/click'
[DEBUG] Using open Channel [id: 0xb52c8b36, L:/127.0.0.1:50175 - R:localhost/127.0.0.1:11277] for POST '/session/cf8ada063fd4e9e5008568aeacdd0e75/element/f.6A1DFD615A4615987D55B537AA3574C6.d.90E1CE8ED259B037AD6F1C87396D73C8.e.92/click'
[DEBUG] 

Request DefaultHttpRequest(decodeResult: success, version: HTTP/1.1)
POST /session/cf8ada063fd4e9e5008568aeacdd0e75/element/f.6A1DFD615A4615987D55B537AA3574C6.d.90E1CE8ED259B037AD6F1C87396D73C8.e.92/click HTTP/1.1
User-Agent: selenium/4.11.0 (java windows)
Content-Length: 88
Content-Type: application/json; charset=utf-8
host: localhost:11277
accept: */*

Response DefaultHttpResponse(decodeResult: success, version: HTTP/1.1)
HTTP/1.1 200 OK
Content-Length: 14
Content-Type: application/json; charset=utf-8
cache-control: no-cache

[DEBUG] Adding key: http://localhost:11277 for channel [id: 0xb52c8b36, L:/127.0.0.1:50175 - R:localhost/127.0.0.1:11277]
[DEBUG] Entry count for : http://localhost:11277 : 1
[DEBUG] Entry count for : http://localhost:50176 : 1
[DEBUG] Entry count for : http://localhost:11277 : 1
[DEBUG] Entry count for : http://localhost:50176 : 1
[DEBUG] Entry count for : http://localhost:11277 : 1
[DEBUG] Entry count for : http://localhost:50176 : 1
[DEBUG] Using pooled Channel '[id: 0xb52c8b36, L:/127.0.0.1:50175 - R:localhost/127.0.0.1:11277]' for 'POST' to 'http://localhost:11277/session/cf8ada063fd4e9e5008568aeacdd0e75/element'
[DEBUG] Using open Channel [id: 0xb52c8b36, L:/127.0.0.1:50175 - R:localhost/127.0.0.1:11277] for POST '/session/cf8ada063fd4e9e5008568aeacdd0e75/element'
[DEBUG] 

Request DefaultHttpRequest(decodeResult: success, version: HTTP/1.1)
POST /session/cf8ada063fd4e9e5008568aeacdd0e75/element HTTP/1.1
User-Agent: selenium/4.11.0 (java windows)
Content-Length: 59
Content-Type: application/json; charset=utf-8
host: localhost:11277
accept: */*

Response DefaultHttpResponse(decodeResult: success, version: HTTP/1.1)
HTTP/1.1 200 OK
Content-Length: 126
Content-Type: application/json; charset=utf-8
cache-control: no-cache

[DEBUG] Adding key: http://localhost:11277 for channel [id: 0xb52c8b36, L:/127.0.0.1:50175 - R:localhost/127.0.0.1:11277]
[DEBUG] Using pooled Channel '[id: 0xb52c8b36, L:/127.0.0.1:50175 - R:localhost/127.0.0.1:11277]' for 'POST' to 'http://localhost:11277/session/cf8ada063fd4e9e5008568aeacdd0e75/element/f.6A1DFD615A4615987D55B537AA3574C6.d.90E1CE8ED259B037AD6F1C87396D73C8.e.62/value'
[DEBUG] Using open Channel [id: 0xb52c8b36, L:/127.0.0.1:50175 - R:localhost/127.0.0.1:11277] for POST '/session/cf8ada063fd4e9e5008568aeacdd0e75/element/f.6A1DFD615A4615987D55B537AA3574C6.d.90E1CE8ED259B037AD6F1C87396D73C8.e.62/value'
[DEBUG] 

Request DefaultHttpRequest(decodeResult: success, version: HTTP/1.1)
POST /session/cf8ada063fd4e9e5008568aeacdd0e75/element/f.6A1DFD615A4615987D55B537AA3574C6.d.90E1CE8ED259B037AD6F1C87396D73C8.e.62/value HTTP/1.1
User-Agent: selenium/4.11.0 (java windows)
Content-Length: 409
Content-Type: application/json; charset=utf-8
host: localhost:11277
accept: */*

Response DefaultHttpResponse(decodeResult: success, version: HTTP/1.1)
HTTP/1.1 200 OK
Content-Length: 14
Content-Type: application/json; charset=utf-8
cache-control: no-cache

[DEBUG] Adding key: http://localhost:11277 for channel [id: 0xb52c8b36, L:/127.0.0.1:50175 - R:localhost/127.0.0.1:11277]
[DEBUG] Entry count for : http://localhost:11277 : 1
[DEBUG] Entry count for : http://localhost:50176 : 1
[DEBUG] Entry count for : http://localhost:11277 : 1
[DEBUG] Entry count for : http://localhost:50176 : 1
[DEBUG] Entry count for : http://localhost:11277 : 1
[DEBUG] Entry count for : http://localhost:50176 : 1
[DEBUG] Entry count for : http://localhost:11277 : 1
[DEBUG] Entry count for : http://localhost:50176 : 1
[DEBUG] Using pooled Channel '[id: 0xb52c8b36, L:/127.0.0.1:50175 - R:localhost/127.0.0.1:11277]' for 'POST' to 'http://localhost:11277/session/cf8ada063fd4e9e5008568aeacdd0e75/element'
[DEBUG] Using open Channel [id: 0xb52c8b36, L:/127.0.0.1:50175 - R:localhost/127.0.0.1:11277] for POST '/session/cf8ada063fd4e9e5008568aeacdd0e75/element'
[DEBUG] 

Request DefaultHttpRequest(decodeResult: success, version: HTTP/1.1)
POST /session/cf8ada063fd4e9e5008568aeacdd0e75/element HTTP/1.1
User-Agent: selenium/4.11.0 (java windows)
Content-Length: 52
Content-Type: application/json; charset=utf-8
host: localhost:11277
accept: */*

Response DefaultHttpResponse(decodeResult: success, version: HTTP/1.1)
HTTP/1.1 200 OK
Content-Length: 126
Content-Type: application/json; charset=utf-8
cache-control: no-cache

[DEBUG] Adding key: http://localhost:11277 for channel [id: 0xb52c8b36, L:/127.0.0.1:50175 - R:localhost/127.0.0.1:11277]
[DEBUG] Using pooled Channel '[id: 0xb52c8b36, L:/127.0.0.1:50175 - R:localhost/127.0.0.1:11277]' for 'POST' to 'http://localhost:11277/session/cf8ada063fd4e9e5008568aeacdd0e75/element/f.6A1DFD615A4615987D55B537AA3574C6.d.90E1CE8ED259B037AD6F1C87396D73C8.e.63/value'
[DEBUG] Using open Channel [id: 0xb52c8b36, L:/127.0.0.1:50175 - R:localhost/127.0.0.1:11277] for POST '/session/cf8ada063fd4e9e5008568aeacdd0e75/element/f.6A1DFD615A4615987D55B537AA3574C6.d.90E1CE8ED259B037AD6F1C87396D73C8.e.63/value'
[DEBUG] 

Request DefaultHttpRequest(decodeResult: success, version: HTTP/1.1)
POST /session/cf8ada063fd4e9e5008568aeacdd0e75/element/f.6A1DFD615A4615987D55B537AA3574C6.d.90E1CE8ED259B037AD6F1C87396D73C8.e.63/value HTTP/1.1
User-Agent: selenium/4.11.0 (java windows)
Content-Length: 289
Content-Type: application/json; charset=utf-8
host: localhost:11277
accept: */*

Response DefaultHttpResponse(decodeResult: success, version: HTTP/1.1)
HTTP/1.1 200 OK
Content-Length: 14
Content-Type: application/json; charset=utf-8
cache-control: no-cache

[DEBUG] Adding key: http://localhost:11277 for channel [id: 0xb52c8b36, L:/127.0.0.1:50175 - R:localhost/127.0.0.1:11277]
[DEBUG] Entry count for : http://localhost:11277 : 1
[DEBUG] Entry count for : http://localhost:50176 : 1
[DEBUG] Entry count for : http://localhost:11277 : 1
[DEBUG] Entry count for : http://localhost:50176 : 1
[DEBUG] Entry count for : http://localhost:11277 : 1
[DEBUG] Entry count for : http://localhost:50176 : 1
[DEBUG] Using pooled Channel '[id: 0xb52c8b36, L:/127.0.0.1:50175 - R:localhost/127.0.0.1:11277]' for 'POST' to 'http://localhost:11277/session/cf8ada063fd4e9e5008568aeacdd0e75/element'
[DEBUG] Using open Channel [id: 0xb52c8b36, L:/127.0.0.1:50175 - R:localhost/127.0.0.1:11277] for POST '/session/cf8ada063fd4e9e5008568aeacdd0e75/element'
[DEBUG] 

Request DefaultHttpRequest(decodeResult: success, version: HTTP/1.1)
POST /session/cf8ada063fd4e9e5008568aeacdd0e75/element HTTP/1.1
User-Agent: selenium/4.11.0 (java windows)
Content-Length: 53
Content-Type: application/json; charset=utf-8
host: localhost:11277
accept: */*

Response DefaultHttpResponse(decodeResult: success, version: HTTP/1.1)
HTTP/1.1 200 OK
Content-Length: 126
Content-Type: application/json; charset=utf-8
cache-control: no-cache

[DEBUG] Adding key: http://localhost:11277 for channel [id: 0xb52c8b36, L:/127.0.0.1:50175 - R:localhost/127.0.0.1:11277]
[DEBUG] Using pooled Channel '[id: 0xb52c8b36, L:/127.0.0.1:50175 - R:localhost/127.0.0.1:11277]' for 'POST' to 'http://localhost:11277/session/cf8ada063fd4e9e5008568aeacdd0e75/element/f.6A1DFD615A4615987D55B537AA3574C6.d.90E1CE8ED259B037AD6F1C87396D73C8.e.65/value'
[DEBUG] Using open Channel [id: 0xb52c8b36, L:/127.0.0.1:50175 - R:localhost/127.0.0.1:11277] for POST '/session/cf8ada063fd4e9e5008568aeacdd0e75/element/f.6A1DFD615A4615987D55B537AA3574C6.d.90E1CE8ED259B037AD6F1C87396D73C8.e.65/value'
[DEBUG] 

Request DefaultHttpRequest(decodeResult: success, version: HTTP/1.1)
POST /session/cf8ada063fd4e9e5008568aeacdd0e75/element/f.6A1DFD615A4615987D55B537AA3574C6.d.90E1CE8ED259B037AD6F1C87396D73C8.e.65/value HTTP/1.1
User-Agent: selenium/4.11.0 (java windows)
Content-Length: 209
Content-Type: application/json; charset=utf-8
host: localhost:11277
accept: */*

Response DefaultHttpResponse(decodeResult: success, version: HTTP/1.1)
HTTP/1.1 200 OK
Content-Length: 14
Content-Type: application/json; charset=utf-8
cache-control: no-cache

[DEBUG] Adding key: http://localhost:11277 for channel [id: 0xb52c8b36, L:/127.0.0.1:50175 - R:localhost/127.0.0.1:11277]
[DEBUG] Entry count for : http://localhost:11277 : 1
[DEBUG] Entry count for : http://localhost:50176 : 1
[DEBUG] Entry count for : http://localhost:11277 : 1
[DEBUG] Entry count for : http://localhost:50176 : 1
[DEBUG] Entry count for : http://localhost:11277 : 1
[DEBUG] Entry count for : http://localhost:50176 : 1
[DEBUG] Using pooled Channel '[id: 0xb52c8b36, L:/127.0.0.1:50175 - R:localhost/127.0.0.1:11277]' for 'POST' to 'http://localhost:11277/session/cf8ada063fd4e9e5008568aeacdd0e75/element'
[DEBUG] Using open Channel [id: 0xb52c8b36, L:/127.0.0.1:50175 - R:localhost/127.0.0.1:11277] for POST '/session/cf8ada063fd4e9e5008568aeacdd0e75/element'
[DEBUG] 

Request DefaultHttpRequest(decodeResult: success, version: HTTP/1.1)
POST /session/cf8ada063fd4e9e5008568aeacdd0e75/element HTTP/1.1
User-Agent: selenium/4.11.0 (java windows)
Content-Length: 60
Content-Type: application/json; charset=utf-8
host: localhost:11277
accept: */*

Response DefaultHttpResponse(decodeResult: success, version: HTTP/1.1)
HTTP/1.1 200 OK
Content-Length: 126
Content-Type: application/json; charset=utf-8
cache-control: no-cache

[DEBUG] Adding key: http://localhost:11277 for channel [id: 0xb52c8b36, L:/127.0.0.1:50175 - R:localhost/127.0.0.1:11277]
[DEBUG] Using pooled Channel '[id: 0xb52c8b36, L:/127.0.0.1:50175 - R:localhost/127.0.0.1:11277]' for 'POST' to 'http://localhost:11277/session/cf8ada063fd4e9e5008568aeacdd0e75/element/f.6A1DFD615A4615987D55B537AA3574C6.d.90E1CE8ED259B037AD6F1C87396D73C8.e.66/value'
[DEBUG] Using open Channel [id: 0xb52c8b36, L:/127.0.0.1:50175 - R:localhost/127.0.0.1:11277] for POST '/session/cf8ada063fd4e9e5008568aeacdd0e75/element/f.6A1DFD615A4615987D55B537AA3574C6.d.90E1CE8ED259B037AD6F1C87396D73C8.e.66/value'
[DEBUG] 

Request DefaultHttpRequest(decodeResult: success, version: HTTP/1.1)
POST /session/cf8ada063fd4e9e5008568aeacdd0e75/element/f.6A1DFD615A4615987D55B537AA3574C6.d.90E1CE8ED259B037AD6F1C87396D73C8.e.66/value HTTP/1.1
User-Agent: selenium/4.11.0 (java windows)
Content-Length: 209
Content-Type: application/json; charset=utf-8
host: localhost:11277
accept: */*

Response DefaultHttpResponse(decodeResult: success, version: HTTP/1.1)
HTTP/1.1 200 OK
Content-Length: 14
Content-Type: application/json; charset=utf-8
cache-control: no-cache

[DEBUG] Adding key: http://localhost:11277 for channel [id: 0xb52c8b36, L:/127.0.0.1:50175 - R:localhost/127.0.0.1:11277]
[DEBUG] Entry count for : http://localhost:11277 : 1
[DEBUG] Entry count for : http://localhost:50176 : 1
[DEBUG] Entry count for : http://localhost:11277 : 1
[DEBUG] Entry count for : http://localhost:50176 : 1
[DEBUG] Using pooled Channel '[id: 0xb52c8b36, L:/127.0.0.1:50175 - R:localhost/127.0.0.1:11277]' for 'POST' to 'http://localhost:11277/session/cf8ada063fd4e9e5008568aeacdd0e75/element'
[DEBUG] Using open Channel [id: 0xb52c8b36, L:/127.0.0.1:50175 - R:localhost/127.0.0.1:11277] for POST '/session/cf8ada063fd4e9e5008568aeacdd0e75/element'
[DEBUG] 

Request DefaultHttpRequest(decodeResult: success, version: HTTP/1.1)
POST /session/cf8ada063fd4e9e5008568aeacdd0e75/element HTTP/1.1
User-Agent: selenium/4.11.0 (java windows)
Content-Length: 69
Content-Type: application/json; charset=utf-8
host: localhost:11277
accept: */*

Response DefaultHttpResponse(decodeResult: success, version: HTTP/1.1)
HTTP/1.1 200 OK
Content-Length: 126
Content-Type: application/json; charset=utf-8
cache-control: no-cache

[DEBUG] Adding key: http://localhost:11277 for channel [id: 0xb52c8b36, L:/127.0.0.1:50175 - R:localhost/127.0.0.1:11277]
[DEBUG] Using pooled Channel '[id: 0xb52c8b36, L:/127.0.0.1:50175 - R:localhost/127.0.0.1:11277]' for 'POST' to 'http://localhost:11277/session/cf8ada063fd4e9e5008568aeacdd0e75/element/f.6A1DFD615A4615987D55B537AA3574C6.d.90E1CE8ED259B037AD6F1C87396D73C8.e.74/click'
[DEBUG] Using open Channel [id: 0xb52c8b36, L:/127.0.0.1:50175 - R:localhost/127.0.0.1:11277] for POST '/session/cf8ada063fd4e9e5008568aeacdd0e75/element/f.6A1DFD615A4615987D55B537AA3574C6.d.90E1CE8ED259B037AD6F1C87396D73C8.e.74/click'
[DEBUG] Entry count for : http://localhost:50176 : 1
[DEBUG] 

Request DefaultHttpRequest(decodeResult: success, version: HTTP/1.1)
POST /session/cf8ada063fd4e9e5008568aeacdd0e75/element/f.6A1DFD615A4615987D55B537AA3574C6.d.90E1CE8ED259B037AD6F1C87396D73C8.e.74/click HTTP/1.1
User-Agent: selenium/4.11.0 (java windows)
Content-Length: 88
Content-Type: application/json; charset=utf-8
host: localhost:11277
accept: */*

Response DefaultHttpResponse(decodeResult: success, version: HTTP/1.1)
HTTP/1.1 200 OK
Content-Length: 14
Content-Type: application/json; charset=utf-8
cache-control: no-cache

[DEBUG] Adding key: http://localhost:11277 for channel [id: 0xb52c8b36, L:/127.0.0.1:50175 - R:localhost/127.0.0.1:11277]
[DEBUG] Entry count for : http://localhost:11277 : 1
[DEBUG] Entry count for : http://localhost:50176 : 1
[DEBUG] Entry count for : http://localhost:11277 : 1
[DEBUG] Entry count for : http://localhost:50176 : 1
[DEBUG] Using pooled Channel '[id: 0xb52c8b36, L:/127.0.0.1:50175 - R:localhost/127.0.0.1:11277]' for 'DELETE' to 'http://localhost:11277/session/cf8ada063fd4e9e5008568aeacdd0e75/window'
[DEBUG] Using open Channel [id: 0xb52c8b36, L:/127.0.0.1:50175 - R:localhost/127.0.0.1:11277] for DELETE '/session/cf8ada063fd4e9e5008568aeacdd0e75/window'
[DEBUG] Channel Closed: [id: 0x3ffb5bcd, L:/127.0.0.1:50182 ! R:localhost/127.0.0.1:50176] with attribute DISCARD
[DEBUG] Channel Closed: [id: 0x8cd3eb82, L:/127.0.0.1:50184 ! R:localhost/127.0.0.1:50176] with attribute NettyResponseFuture{currentRetry=0,
	isDone=1,
	isCancelled=0,
	asyncHandler=org.asynchttpclient.ws.WebSocketUpgradeHandler@2ca2f8de,
	nettyRequest=org.asynchttpclient.netty.request.NettyRequest@7c577094,
	future=java.util.concurrent.CompletableFuture@203fd716[Completed normally],
	uri=ws://localhost:50176/devtools/browser/af23976a-d99a-4021-9249-4ae26e1b9529,
	keepAlive=true,
	redirectCount=0,
	timeoutsHolder=null,
	inAuth=0,
	touch=1718543778184}
[DEBUG] Closing Channel [id: 0x8cd3eb82, L:/127.0.0.1:50184 ! R:localhost/127.0.0.1:50176] 
[DEBUG] 

Request DefaultFullHttpRequest(decodeResult: success, version: HTTP/1.1, content: EmptyByteBufBE)
DELETE /session/cf8ada063fd4e9e5008568aeacdd0e75/window HTTP/1.1
User-Agent: selenium/4.11.0 (java windows)
Content-Type: application/json; charset=utf-8
host: localhost:11277
accept: */*

Response DefaultHttpResponse(decodeResult: success, version: HTTP/1.1)
HTTP/1.1 200 OK
Content-Length: 12
Content-Type: application/json; charset=utf-8
cache-control: no-cache

[DEBUG] Adding key: http://localhost:11277 for channel [id: 0xb52c8b36, L:/127.0.0.1:50175 - R:localhost/127.0.0.1:11277]
]]></system-out>
    <system-err><![CDATA[Jun 16, 2024 6:46:18 PM org.openqa.selenium.devtools.CdpVersionFinder findNearestMatch
WARNING: Unable to find CDP implementation matching 125
Jun 16, 2024 6:46:18 PM org.openqa.selenium.chromium.ChromiumDriver lambda$new$5
WARNING: Unable to find version of CDP to use for 125.0.6422.176. You may need to include a dependency on a specific version of the CDP using something similar to `org.seleniumhq.selenium:selenium-devtools-v86:4.11.0` where the version ("v86") matches the version of the chromium-based browser you're using and the version number of the artifact is the same as Selenium's.
]]></system-err>
  </testcase>
</testsuite>